<?xml version="1.0" encoding="utf-8"?><testsuites name="pytest tests"><testsuite name="pytest" errors="0" failures="0" skipped="2" tests="28" time="7.159" timestamp="2026-05-16T15:13:25.469984+00:00" hostname="agent-env-3fa81a4e-6ce7-447a-9afe-c75a13e44103"><testcase classname="backend.tests.backend_test" name="test_login_invalid" time="0.239" /><testcase classname="backend.tests.backend_test" name="test_auth_me" time="1.439" /><testcase classname="backend.tests.backend_test" name="test_me_no_token" time="0.149" /><testcase classname="backend.tests.backend_test" name="test_cycles_list" time="0.207" /><testcase classname="backend.tests.backend_test" name="test_emp3_goals_drafts" time="0.124" /><testcase classname="backend.tests.backend_test" name="test_emp3_submit_fails_not_100" time="0.537" /><testcase classname="backend.tests.backend_test" name="test_emp3_min_weightage_validation" time="0.137" /><testcase classname="backend.tests.backend_test" name="test_emp3_create_update_delete_goal" time="0.383" /><testcase classname="backend.tests.backend_test" name="test_manager_lists_team_goals" time="0.100" /><testcase classname="backend.tests.backend_test" name="test_manager_approve_reject" time="0.101"><skipped type="pytest.skip" message="no submitted goals">/app/backend/tests/backend_test.py:128: no submitted goals</skipped></testcase><testcase classname="backend.tests.backend_test" name="test_share_goal" time="0.467" /><testcase classname="backend.tests.backend_test" name="test_checkin_create_and_progress" time="0.198" /><testcase classname="backend.tests.backend_test" name="test_manager_comment_on_checkin" time="0.221" /><testcase classname="backend.tests.backend_test" name="test_reports_csv" time="0.112" /><testcase classname="backend.tests.backend_test" name="test_completion" time="0.176" /><testcase classname="backend.tests.backend_test" name="test_audit" time="0.116" /><testcase classname="backend.tests.backend_test" name="test_analytics" time="0.099" /><testcase classname="backend.tests.backend_test" name="test_admin_toggle_cycle_blocks_submit" time="0.319" /><testcase classname="backend.tests.backend_test" name="test_admin_create_user" time="0.333" /><testcase classname="backend.tests.backend_test" name="test_escalation_rules" time="0.110" /><testcase classname="backend.tests.backend_test" name="test_escalation_run" time="0.125" /><testcase classname="backend.tests.backend_test" name="test_notifications" time="0.101" /><testcase classname="backend.tests.backend_test" name="test_employee_cannot_list_users_create" time="0.167" /><testcase classname="backend.tests.backend_test" name="test_employee_cannot_fetch_other_user_goals" time="0.123" /><testcase classname="backend.tests.backend_test" name="test_login_sets_cookie" time="0.329" /><testcase classname="backend.tests.backend_test" name="test_me_via_cookie_only" time="0.375" /><testcase classname="backend.tests.backend_test" name="test_cycle_patch_period_mismatch" time="0.111" /><testcase classname="backend.tests.backend_test" name="test_reject_with_pydantic_body" time="0.145"><skipped type="pytest.skip" message="no submitted goals for reject test">/app/backend/tests/backend_test.py:343: no submitted goals for reject test</skipped></testcase></testsuite></testsuites>